64
143
65159
16
307
142
6
7
101
39061
17
33
7
35
176
3277
41
13
6
191
2922
23
262
40
2734
461
1016
1219
212
715
37
28
906
3204
1416
18
845
40
410
49
152
969
1818
457
326
3863
22
53
56
7
32
76
46256
20018
866
132
67
34
165
119
695
229
568
1390
2290
77
49
1231
40
2141
272
2350
513
16
420
93
192
14867
9
102
25
24228
45
123
1503
570
10561
388
9
126
70
37
1178
38423
2109
3898
57
1635
20
918
20457
12
112
19
22
13
15217
1715
26438
28165
990
2282
112
484
218
241
24
2701
2354
11145
203
54
677
113
32
66
56
372
2939
5
9
600
256
12381
54
12
24
6034
370
76
3990
7
195
100
497
7
726
14
5955
295
4783
12096
3340
248
14504
1055
202
1437
3732
102
1044
13824
58
88
61
37
16
85
5853
6216
265
938
24
150
603
2857
142
5498
885
3671
19
503
562
55
853
1259
286
128
664
1387
47
842
25
883
29
627
1012
320
603
1003
3317
49767
217
32
22
1336
318
22
150
112
1598
1057
488
1609
2117
262
261
13
2342
34
1283
594
177
147
442
46
77
141
894
209
49
24
209
2327
409
12
129
41
21
156
24461
1229
8
811
109
199
747
14
59
501
82
45176
3036
68
13170
437
25
310
333
4267
7
344
14964
8882
73
36
25
28
230
2289
60954
61
2070
164
956
186
896
50
17524
241
25645
74872
1207
56
190
3496
157
158
19
237
18
458
26
83
38
236
2062
1888
448
612
873
18
1552
750
257
155
1638
6
21458
294
17
16275
51
246
21
1151
947
144
10
882
204
77
175
208
33
356
22943
115
827
36
13
133
45
259
13932
494
1510
23985
290
26
69
78
3095
545
442
225
32918
133
55
2675
24
73108
618
31
16457
157
72
40693
125
223
35
12001
678
61897
21
994
75
84
3267
215
138
360
2358
6
10
575
111
168
17129
91
83
118
1241
2207
674
193
23
52
5433
1409
15323
26519
2116
918
185
183
14
4098
295
32
9
10343
32
39
244
10609
1591
967
319
24
54
4394
128
2819
355
37
4370
41
113
1982
4964
75
78
9
88
137
385
367
1285
27
95
19248
236
1151
13
5837
116
215
16
1833
16598
21
1115
939
70
1485
68
183
87
22
1229
49
427
254
22
20747
45
9
3463
41118
168
719
255
341
10
15
4148
39
21
243
80
931
4579
3127
3203
21
11
15
1693
34134
572
166
3096
624
2274
1472
9
590
33
572
432
719
1021
7717
3647
70
322
224
323
66
380
19
1172
2353
45
3978
2883
80
616
171
32
363
1988
103
85
18
16728
20
12
42
120
1150
235
24
51
10
236
80
12
132
3431
701
158
13
411
221
1224
2544
81
237
669
809
13
433
183
385
24
38
36065
141
259
2105
10
266
37
43
19
10
45
786
13
61
19428
1345
780
23863
379
965
310
15
183
7183
94
13
21231
51
599
397
15
560
15
3711
75
65
600
204
27406
1060
493
801
1501
50
5618
6010
160
3936
154
152
24
56
113
102
26
3267
362
83
3817
505
154
14
22336
277
403
14
159
300
32152
410
488
120
183
2295
21
12
443
925
85
258
515
384
250
3505
685
10
484
351
168
170
934
6194
915
97
46
15492
405
132
7
389
72
6
49477
190
374
12
1609
33937
14
16
40
27
20
6
23
87
1017
732
365
16
6325
2271
6
2583
232
222
73
31
2746
147
6
50
64025
1726
113
31
105
1542
13
3492
21942
65581
15
556
5652
661
18
984
49
85
15
3643
30108
13
33
4395
26
8057
12911
48
333
32
110
109
323
311
12
512
71
90
1708
3708
638
32
403
146
3344
80
299
42
3978
39
37
737
4963
21
8
13
1222
118
25
322
3589
1392
191
85
87
3
377
621
170
171
1632
89
1964
150
241
119
10869
617
16
1280
69
1255
35
940
73
311
21
1685
117
1915
1818
319
352
16739
10125
1370
50
18
23
28547
21711
105
844
3853
40
75
23
5586
67
45
80
62
46
1247
470
95
55
54413
606
640
220
1610
1315
3804
132
313
8
19
2767
148
9
64
13693
3462
128
2427
4655
714
872
29
77
197
36
1212
274
83
10871
45
31
189
126
13
43
396
6
7463
5843
5815
140
43
4328
47
5
140
983
182
1219
4661
38
84
166
30
69
160
17
308
5848
9282
12355
254
208
34
950
6
4659
772
21953
78
451
353
59
14
69
54
6
90
9
77
261
1867
1298
112
4077
2694
11765
754
2524
14
242
14077
5
1392
138
897
22656
1914
3756
325
34
544
196
9
446
153
30
114
31
323
15
30
74
514
2601
349
131
236
383
46
12
564
34
49
21
308
92
4488
184
2634
130
16
221
950
155
32
116
274
89
3648
204
92
204
629
1176
27
4323
13468
721
2216
11660
928
55
1057
54
460
1757
1641
70823
2649
81
15
35
180
16
121
41
45146
151
2312
24
41
34
510
60
43
2796
317
13
5107
2382
23
255
41143
10
186
333
3664
593
1703
240
27578
530
13
208
2039
51
129
39
2124
2124
523
17
28
46
1622
1603
1906
689
143
4812
1986
373
785
451
1939
75530
32
139
7105
27
219
400
183
25989
12
669
2246
3018
318
78
8570
25097
25241
52
39
94
41176
37227
359
4804
72
69402
11
102
63
34
33029
54
409
128
257
75
23
41
110
61
28
212
1385
80
27
12372
155
805
136
111
61
109
529
50
51
16
1013
186
44
329
695
25
109
41
59
627
144
57
206
2920
27
9
7131
2076
1506
2875
7
474
76631
53
57
4
37
9160
73
29474
52
301
32
8585
67
28
59600
70
38
758
163
79
551
141
144
150
1000
51
2276
63
64
12
248
7311
6964
441
49788
2689
931
644
156
141
146
71
129
206
31549
9
61
31574
337
465
16
55
1817
1640
82
2146
211
227
343
99
37177
1409
393
29
100
3412
391
157
1051
440
66
9
23
1897
218
120
21946
73
4198
122
12723
230
478
4523
27
2354
716
246
6
2670
1192
12770
13
624
401
2478
35
162
50
6598
64
85
15
3224
10124
56
207
2609
6042
154
447
43516
26
74213
63634
183
145
379
728
125
161
213
10
205
30
1042
20
408
58
667
22
66
75
10678
678
107
206
39
58
171
19
9532
7498
21
199
341
55
1016
162
624
1961
112
231
62
12
1797
60
78
19
471
2613
30
7
150
1214
315
121
469
189
15
125
28
151
366
36
130
196
9
23
873
17
33
24
534
3862
135
5380
4853
670
17689
17
57718
58
6761
23
1789
400
9427
2940
145
122
1130
2881
65
25
6066
128
1312
47150
370
1160
938
861
2561
8478
520
18
38032
1004
613
763
60
4017
38
80
16
59
162
43507
33464
92
117
4005
295
77974
1432
13975
165
167
133
71
27
91
265
23099
25
157
88
2129
18
419
81
45
260
1155
1213
2582
994
350
119
123
27390
177
265
1307
607
6044
604
25
205
3125
25136
44
380
149
24
12
768
51
2376
20
2644
35345
55
24
6567
103
32
28
30086
47639
33
158
347
5024
295
9
36
54
43
388
9
105
9974
13
1119
302
38
9739
78
681
23765
223
7549
60
75
8977
22558
125
25
94
43
16
257
181
763
1901
415
263
2494
304
96
967
201
6783
19488
225
5
68
117
711
4029
24
114
434
7099
692
4127
3312
104
69
13782
21446
43
22165
146
5807
4
7
508
338
596
10099
12
42
8
1275
4148
2806
560
19439
111
5
227
52
69
20754
154
23
179
3976
2227
12
679
164
35
260
42
38
527
4102
1101
6
8175
1477
156
31
13379
192
199
959
90
3917
13197
24505
6111
11382
74
15011
8407
2655
1067
321
61
26
38
88
46
1487
42
1158
1773
18491
148
26
94
10930
6757
788
215
7696
389
3635
4528
2054
1717
12
11
115
19
115
12
9
20
35
1009
210
140
96
66423
376
11622
8350
1557
1146
84
20
1741
142
12
196
9
1118
22354
180
3454
111
23
620
11
18
107
57
544
24
7381
3049
3546
29
504
77507
22
22
12
304
128
15
20
2610
10971
2078
73
627
650
236
23473
32
71
581
26
74
109
45
262
17
644
60
1696
17
30290
354
1379
20
72360
42
260
15344
85
49
1471
194
56327
703
39
158
163
12
591
7860
12
2729
175
86
4308
177
14213
1208
120
1418
39
734
1806
24
6
24
11094
562
1415
26563
49815
2315
18
14
1738
14
44
213
282
113
108
86
183
19799
161
294
1282
9
51
92
298
2142
245
13
430
1085
12
1683
30
29
40
12
74
29
42932
41477
48
108
49
168
380
23876
327
53
309
372
17859
191
26
6906
179
292
6259
7
2905
293
601
145
2643
254
102
21
3312
10
43808
32
148
3443
706
42
1338
5
973
15
5757
3771
27
16
63
46
36
418
90
254
6329
823
2074
56
144
7113
21
28
78
39
110
27
37317
2595
27
36
258
81
24
86
403
67210
50
90
2153
124
3719
597
458
43
630
11637
403
263
8
7429
719
394
18
169
351
9
137
74
85
159
220
64
87
201
9
260
260
348
116
32
94
8015
12
309
106
3723
9
41
375
212
1419
47
123
83
93
267
1206
284
221
602
47
61
348
88
66
49
103
99
84
51
712
803
2512
108
1082
86
127
589
1226
270
14
566
129
46
4720
12
955
34
2018
64
30
1444
79
3851
523
42
521
118
2424
37
13
16
8
39
381
4563
110
109
19
753
207
6335
6
285
52
260
276
49
652
39
90
47
16
2323
1601
94
50
1374
39
44
299
2080
432
21
114
74
22
286
1434
10358
21570
41
1055
54186
2609
32
11
30
9731
413
971
1971
345
17831
16
1798
18
9
733
34
231
11298
17
118
3648
2763
6375
10
214
26
510
269
129
331
8089
1515
485
503
477
320
25
29
26752
3987
735
2179
10
9
11745
189
170
4139
172
382
35
931
15089
55
2181
141
1495
562
3339
823
61
401
166
2711
77262
1463
57
98
59
4789
10265
8883
4586
359
11
5760
1382
708
125
74
7226
154
1495
144
37
126
19
226
12162
380
121
24517
54
202
3556
82
606
24079
4283
65
9693
1688
196
113
14
2409
17
2193
6
46
30
94
8
1085
38
429
374
950
1370
15
24662
28
3454
916
36163
350
1108
204
176
56
933
191
183
31
561
9840
1407
137
161
3752
148
19
12
1208
1898
280
98
153
86
34
1443
495
14350
43
23
11952
3756
4470
414
379
234
11
19
13
397
243
30
68
1816
14
61
5
54
9
2079
166
45730
110
496
236
734
71
77
735
8
9509
161
62
186
1168
186
7
150
4339
472
260
5272
804
17
56
10302
21
15040
1260
1004
61
138
2231
1145
141
75
43629
534
25
82
4099
275
9
27597
19
347
93
46
41
118
24
386
53
175
242
21
665
36340
326
4997
304
53
15030
14
41
27
15
291
21648
11033
253
535
947
16
22946
4815
129
132
4045
12
1003
193
10021
21
190
1538
16727
2434
412
162
64
398
22
124
27
22422
1895
6440
441
189
12
45
47
3162
80
136
186
98
3215
102
26877
32
63
415
499
256
2080
50
2247
8406
80
78
249
18
1292
76
9
1154
592
562
623
471
3013
28
1019
3681
796
145
60
68
47
2561
738
147
49
8
60
24
96
4740
130
8932
551
13
25
181
443
34
3434
10
16064
1340
2209
21670
82
50
98
24832
50
947
183
448
14
1923
8
2210
13
82
11
2329
41
17
151
3264
341
436
962
79
212
7
75
12
473
1425
60
30
37
358
24
18
34697
561
10719
209
48
279
803
10
16
40
623
285
20492
603
7753
104
1476
157
708
51
13
214
7508
65
58
2758
4652
21565
780
591
34847
9
32
60
41
582
95
20
3890
30
5230
1659
24
23824
49
454
32183
1864
4868
15
760
15
1423
246
306
2972
117
17
72
59
812
2721
13425
41
247
56368
4901
36
4365
25034
22
6074
72
68
118
7244
33455
315
3996
4469
14
11
42
147
3725
206
81
41
92
10
610
260
48
1846
53077
515
1459
325
57
7
312
376
22
997
335
15345
20
289
1662
443
25
33
28
1099
201
1646
10788
224
20277
708
75
56
412
3442
35
192
394
1080
83
242
3184
55
6539
30
12
1276
82
1317
1324
1704
26
89
12
1216
666
119
71
43
684
3583
538
776
1000
20885
82
33031
141
755
31
330
297
27
70
874
796
47
398
5017
1285
1475
1003
67
88
1636
929
53
139
97
30
243
240
51
1310
8134
43
32
868
1966
208
7
25
5062
683
3510
183
13
522
91
391
106
219
28
15
209
140
15578
1258
7415
221
33
552
212
21
80
323
17444
5868
46
26
305
205
31
13077
1594
53
3229
11683
42
6306
1024
436
27
645
42
52
61233
669
30
65
12292
10362
2405
2190
144
628
16763
15
319
112
14
20
27
1056
1252
15
54
150
14049
15
13
61277
124
177
1292
1113
9134
10173
243
70
6
65
22954
16
124
2481
79
65
52
26
34
3887
68
25880
8516
21
33
31
24
41179
291
316
55
315
2894
126
23257
119
170
122
132
30
136
535
8345
30
379
14
5947
1361
1149
65
52250
6759
8
39
1873
680
361
3631
20
64
411
115
458
72
64
42
598
1003
53
28140
2207
111
1202
1431
88
2086
7054
27
2982
1008
2040
154
43
12
4221
66
32
39
122
173
2931
12338
956
1460
176
1153
137
263
5
10
21
1004
8152
15
231
138
58
454
88
24
111
32
6355
1121
12040
169
1921
50
5
18703
1026
49
267
263
512
32
34
722
242
36
12
1907
26
981
402
250
47
3412
136
154
162
602
558
46
7
9341
198
3188
6
422
1980
93
94
79
62
2174
591
13
108
53
13
162
2316
764
48
2593
631
63
3447
1945
118
374
519
8
90
388
719
674
1082
67
6279
816
21
230
39306
127
148
3761
134
139
1265
214
6
13
45
27
18634
5397
6707
586
33
50
2851
251
54
29
1214
613
2191
679
30367
1995
43
219
287
159
333
536
5305
63
53
9826
130
1541
13094
62
12
275
22
13411
12
17
35
382
12
43
648
436
15
350
125
21
155
835
7055
73
36
28225
51
3660
13052
416
531
4713
13
45263
6
248
4513
83
10
21
11275
35
74
5574
521
54
25
19
44
569
672
50
1023
3602
5014
10031
229
653
335
54
107
14
89
2061
22
201
776
574
5605
3946
580
18
2807
4831
19816
427
1295
2527
298
129
275
19
112
89
39010
103
4057
28
1999
14
7277
1853
95
38
183
73741
74495
12858
354
28
55
38504
36
53
152
47
296
72
2473
62
25
28
18909
113
99
57
33
7
263
10
41
11
13372
135
38234
263
659
2942
50
11
64
4850
89
119
990
58
28
756
75
41
70
513
10
4675
1543
95
202
2396
694
470
80
127
216
99
20080
113
16
349
3288
30
42834
418
8
1297
386
9
1924
36566
96
1211
260
920
4416
563
1939
39
5171
190
12
11
10
4123
62
320
9622
109
27267
589
222
6213
6313
52
3948
10
120
172
654
85
1476
70
9
64
86
20
1067
34
174
1553
24
515
1886
106
1505
1121
96
48
5179
65
13
198
36
1755
6891
1557
23
948
27
6949
1027
50
68557
12
1220
193
17
5181
1321
358
4344
60
143
47950
20
222
3962
18
696
128
557
31
110
204
18143
1276
125
95
42
1922
49
113
6123
159
32
16
210
1039
18371
227
207
694
310
2856
209
14
2107
52
1094
42507
60
8
1202
241
37180
20
1045
68907
249
889
45
2620
534
33
26
656
7299
484
128
10
809
96
20
37
70
12923
3737
510
497
247
121
3291
295
28
9349
116
109
176
2178
285
76440
425
101
73
152
18
37
85
55
4307
122
296
45
52
99
55
102
927
28540
22558
13
11513
20
78
20
82
148
65
15841
17047
15
23185
36795
75
48
36591
216
76192
8422
1148
265
6
757
386
4916
36068
196
59
487
35
223
918
22
2667
449
9571
65
463
266
31
6
736
4863
1223
41
1464
186
26
113
44
27
38
7
4
85
8007
19
1231
204
24
251
62
492
64
4178
905
141
11852
3023
3057
72
136
10
78
353
701
94
11585
12
25687
65
124
178
16526
245
92
5516
152
11370
39
2638
23
8
29
287
52
331
33
7196
7
74
309
130
6625
765
38
5853
63
37
1361
871
16
19
179
4678
12
156
3460
25
47
790
83
30
199
2636
327
353
22
20067
178
244
234
716
6370
35
2116
388
12065
12
265
179
1732
10
1175
326
744
813
150
16
1593
21
38
8206
74
122
64
56
187
67
16
14369
41
26
5908
331
47
287
1932
15
9
1816
21
77
220
532
877
6
43
1127
150
211
3494
9
28697
79
47
19
7
31
23
87
217
61
2970
20
12873
548
583
6
18110
34
26
9
120
71
239
234
3752
10
30980
558
76
7583
468
243
13205
25370
8341
1591
106
26
406
155
344
25719
38660
272
503
10619
11286
393
141
129
1392
51
130
40
34
35
295
2407
3107
155
110
56347
19
83
22
9762
1987
53
53108
120
2923
39
3632
374
9
1182
166
40
3369
128
616
383
499
160
15
248
44
7033
426
335
26
29
16885
275
413
223
3534
492
167
725
20394
1858
216
3854
9
215
16
73719
9
358
4381
51
322
415
286
28
342
81
7004
9168
488
220
6
5444
349
180
207
190
46867
291
18
525
936
120
1389
46
2194
84
58
43
325
102
655
15897
9530
42
668
1163
60
2235
1794
325
980
252
36
18
472
1627
143
27
968
3848
781
8699
591
1144
30
153
16
19119
1668
199
484
261
71
174
666
459
105
123
48
82
77
34
86
644
84
13305
23673
1452
19
14
6
396
521
330
9301
432
24
9
84
149
243
780
188
10236
2189
4175
1434
74971
48
30
236
132
31450
39433
765
30
45
33424
4708
651
744
9
153
124
728
93
144
129
158
305
9638
1113
15
10
236
587
6148
21
175
381
6
40
127
14
24
111
132
30
47
2310
1629
2263
1346
1929
51
390
517
176
3202
10840
5847
304
14
615
53613
1426
21153
15556
7318
554
24371
48
31
269
67
38
1892
559
50
129
197
14
24624
471
57
83
31
862
137
141
118
26
2329
82
1279
352
105
34
1341
101
194
61
206
2267
574
139
186
1151
12
373
983
404
91
73
26
44
67
620
19
1144
10
102
50472
528
89
18
48
55
632
346
86
1763
1876
85
5308
79
713
1874
107
340
975
416
1672
114
1676
28
696
32
5843
222
15
46
11
80
1008
472
4245
72
865
129
17361
151
289
81
795
268
32
71
228
244
73
101
10
34
2858
646
22
92
530
9
626
744
6
7
9
191
31
127
311
7
48
247
55
7216
54
163
10261
62
2750
7248
35
1052
419
1894
74
567
14
189
4054
793
5776
25
34
422
43
74374
1341
716
766
78
140
361
17
24
4905
23
324
1029
26
3150
24
77552
1176
50
3218
41
2924
403
28
14
9808
76
135
106
1412
131
55
256
2121
14021
62
21656
12417
467
326
57
1803
6
163
115
1043
5
77
263
9
130
3002
6
319
65
197
58
25
3541
471
13
6718
263
194
29
3886
13
18
348
9
29
9
1174
42
511
272
554
6
326
1125
54
1065
4967
754
18201
618
42952
30128
81
64
52
30
1691
5583
299
393
57341
114
16
9847
39743
51
460
68125
503
55
7
28
3567
11
4123
863
28
740
814
21
202
384
26
1860
19
20
25649
17145
348
181
197
40
6329
12
1058
33
13490
156
6
658
3962
4001
104
1735
41
181
138
1231
27
45384
546
8
12
4120
10015
124
22
51
97
50
1165
50
531
2115
42
1929
546
2603
281
266
11592
3885
300
5595
2669
8
457
16
106
6332
14541
617
21707
193
128
115
774
668
8
6525
76
1411
10
340
6096
254
517
61
75337
8
4695
50
15
265
2600
32318
83
2922
149
115
254
829
1321
90
463
20
837
16665
7
2239
24
308
1917
51
14
21
1181
9455
134
501
826
2860
1850
249
1204
146
1538
3383
12568
8
1638
27
36
319
2565
101
263
33
16
21
70
1503
134
55
7752
104
849
207
21
49
479
505
7448
59
13
19112
151
42
4791
9
1150
24
85
747
239
10
108
1162
121
1811
124
727
189
107
15
9
1500
12
63
46
1260
1533
39
51736
10175
398
69
19
12
35082
376
33
68
242
767
47
173
6
6
1588
8
16880
161
110
824
92
148
187
10725
1826
125
109
195
13
40
25
25
71
156
33325
27
308
1476
453
74
18
32
586
5
3553
1521
28
22101
87
6
17377
45
1223
286
105
677
4
391
401
17
2833
270
2730
2468
29
2812
169
163
37
33
412
11
51
1242
251
108
8
33
18
164
723
11
18
386
43
73
1195
12
137
26282
121
2746
8307
161
876
23983
14
674
67
30
10927
21
431
413
34
1865
1182
3493
896
869
12
43
29
392
887
27058
28
239
116
142
67004
149
231
25904
94
205
1261
18
3805
235
7288
866
1396
643
85
49014
752
10
107
20
85
11
10
120
107
31487
860
828
17
99
27
2706
186
198
2353
34
1939
108
1615
7111
19097
156
35
88
148
682
2660
64
248
27
15
617
31
70
110
39
141
21593
67
17
180
52
3871
546
2283
2387
50
211
184
35
723
803
65
14
65
887
2464
943
6438
167
12
1379
933
73
6390
3957
44
43
93
1848
25
430
161
15
18
250
305
351
174
270
144
3905
219
406
56
95
747
510
5665
65
180
292
34348
232
122
96
17
1414
51
73
46
6
285
401
35
37374
2243
123
86
26
708
3033
16
39
411
21
52
494
21550
647
123
5331
29
4319
542
149
581
19
2314
2094
32
82
36
14286
5
676
21
101
27290
2476
4603
653
27
371
36
66
1063
37
25
13684
86
444
7642
426
2009
25
904
214
84
273
162
782
10
205
532
135
2956
32
879
2238
686
2464
990
47
961
417
115
560
421
29061
18
11
34
182
1566
7
716
101
627
41
29
1480
6449
87
72
71
27
279
9719
3123
3564
45
159
389
3762
6845
8
18
2027
60
1055
69
116
54
91
1509
136
1010
191
26279
33
32
89
153
1082
9
913
15
607
3350
72
511
70432
450
175
509
20861
245
29
7607
237
12
470
103
17
128
73
1256
214
205
50444
5564
115
389
5960
221
14
144
6845
56783
85
4
638
30
1377
35
124
241
2071
1287
337
65
3439
1313
14
68
232
137
5
2032
451
56
3599
87
3863
1355
1313
1607
3000
255
16
1454
142
269
1780
158
18
134
1525
72
11555
439
2154
190
9
703
336
3746
88
517
11
254
38393
15
70
71
10
119
285
260
97
68
5966
1988
77
435
62
20786
993
41
387
1266
37
1190
44
52
8794
17
8
741
27
5593
39
45
452
132
64
135
1591
64
21181
1536
197
34
1048
28923
668
21296
11
6480
52
186
21
11
5
393
828
61
972
117
178
1525
15
3985
61
121
33
4650
742
38921
18
1070
41
71
5871
511
767
45
68
4416
318
18846
47
212
53
37
591
538
236
66
497
426
275
1425
519
85
80
62
12
18
594
25
419
19440
49
9
8946
5
4076
56
741
1897
5
18832
267
131
246
316
25
34
19439
125
647
1421
412
239
91
1975
114
77
2312
25
27100
52
569
6944
21
3861
37
1319
891
156
871
1135
16
82
1680
73
173
1379
35
12
96
439
743
31
378
336
2577
1274
26
5228
237
2347
4099
140
158
298
3293
277
1080
267
6396
331
494
69
42
1482
10558
15
180
1301
35
920
1195
1153
447
28
771
333
3853
218
14
698
42
1892
265
54
41
203
790
4558
201
2018
14
113
24082
12
1699
1007
27
370
55
394
21
20
86
29
28
1426
333
92
2463
16477
3772
442
9340
25
1320
32
72701
4698
63
237
496
467
471
268
1260
2730
55
554
59
11380
87
1434
11675
62
182
2114
7
141
157
303
254
23499
865
64
457
88
14413
27
53
3112
4
89
112
63
71787
4081
17165
1856
539
209
152
97
452
94
12358
6
6409
46
20
36
5504
570
180
447
32
172
4868
111
20
1038
69
3012
213
115
3085
276
9
121
9
4
377
20
88
523
24
580
9
44
32
6
4242
2073
61
2395
164
24
11329
52
22
21
79
928
9
136
6975
1840
45464
745
173
70
641
42
3954
17718
40
948
2474
29
217
23003
86
137
1030
2851
1416
112
24
71
90
4333
163
52
692
883
19
944
16
141
292
5989
1358
3466
8725
22
54940
12
165
18
11359
14
441
93
3369
124
437
11066
10
28
33
14
340
24
201
50
266
12600
10726
1395
3457
1783
609
