1448
760
95
15724
17
19
95
95
738
6697
28
17167
408
38
40
539
1335
81
235
681
1993
3226
3650
5673
581
96
129
2262
224
549
1259
389
64
219
734
136
16420
1387
1938
2267
72
1156
24
318
5761
223
114
236
22
371
10
19
9
10
238
4562
18
202
3652
17228
83
3167
863
86
60
7232
502
6540
35203
713
38543
6
23
5
112
129
71171
976
4346
36
2327
1481
977
15388
935
42677
1917
139
390
99
1014
240
135
570
3456
9
52
25
867
2197
61
96
479
29
31
1416
58
17
168
1887
30
1394
65
652
8
8385
195
32
35
15
3590
169
12
59
26
9244
237
62959
79
110
33
8125
4
320
643
28
75680
2483
4444
19342
27
10034
30437
18
112
47
311
98
14
66
36
80
59
173
46
69
45
41
1016
219
217
21
28
23
11327
28345
17
79
37
94
62061
25493
422
23
74
182
54
4677
6680
27
440
73419
295
263
28
4732
42
17
12182
297
143
4
12
69960
16
27
44
68
216
146
11
7222
314
773
3265
41041
11762
5
49496
43
16947
26
18
54
1565
47
25
43
109
1419
117
6
495
61
175
1304
177
114
1427
264
647
217
204
8203
25
88
64
4065
632
1314
3357
667
9
168
15
14
36
140
51
80
530
6
50
133
53
6885
721
78138
311
2743
223
3359
315
4
10035
2475
61
19
121
2821
22
203
31245
6330
34
20
444
28
979
754
146
807
144
5219
6
65
165
35
73
7477
388
13
2709
639
89
710
316
2650
39
324
550
198
1518
78
8657
7898
8979
2002
746
157
67
12273
5749
1113
10
129
62757
52
112
48
21
67
8141
59621
273
243
1364
6
71
662
210
247
1759
87
55713
78
516
3840
560
38
130
35
58
78
3104
27
5432
43
24
12367
25
7
212
73
8
44
55
2739
51503
27
203
3842
18684
7
112
355
1806
3042
185
395
518
9252
555
49
21
12
12
175
353
1303
286
41273
279
118
2772
22
114
84
714
47
352
1250
1187
8
22818
12
31
40
2786
4838
5
164
140
91
1761
1284
263
17437
54
70
7
55
10
137
2666
34691
10505
138
13
25150
2699
59
3277
79
3681
108
2904
36
102
15988
266
64
801
31
2510
86
3332
27
325
1411
8498
68217
5247
365
7306
148
21
23
53
993
30
54
357
141
530
121
876
48
47
173
21884
19900
643
1396
36
445
24
27
88
16440
155
4836
15177
3011
24
584
661
346
4
2931
2765
782
282
67
10
3066
1478
80
7904
59
1612
105
40
6169
1890
79
3619
7123
14
220
2321
29
71
4686
9647
457
11158
33
38
19037
14
300
72
3789
1258
73
36
5082
436
320
995
7
1672
540
61911
2869
1965
18
324
66
122
5
75834
903
161
204
2362
195
59996
94
4412
125
14533
3185
13207
63
86
533
12
55
245
165
9
64
558
960
2004
659
118
2392
444
8
196
102
81
204
8
295
434
552
70
35
45
648
208
119
7414
1457
24
2180
78
3309
120
109
389
3746
17444
39971
1231
2948
24
11
25
868
598
401
161
69
40499
8
9
28
29
1081
65
97
68
85
73
6167
477
22
6
36539
1405
186
23
245
56
279
43
661
16
1890
84
822
65
11171
8
1318
84
3012
24
48
9
8990
387
90
22
14365
20080
91
134
24853
87
731
44350
89
42
3008
57
101
213
522
100
11733
55
35
62
3771
463
114
10432
2158
24
116
3767
21
91
32
5161
220
354
1126
2729
131
21
285
27
57
38
58
46
813
248
30
36
95
246
2712
31
738
18
157
83
402
20
43369
9419
24
1516
111
36
21558
527
47
36
58
4158
65
27
1982
360
7
2572
146
134
113
19956
15
613
479
58
906
97
115
240
414
36
122
33
151
130
842
815
143
199
502
6821
610
10
85
16
64092
614
30378
498
642
17635
37
228
30
5650
79
216
543
599
42
254
567
21
16562
6349
39
115
45
1334
19
7
15
1555
48
19777
612
193
10
26
150
1954
168
25709
90
12999
184
49
881
5
1071
841
16
487
15
487
1131
31
1333
10
41
438
64
4708
67
24
122
369
14
69
496
120
18
200
807
1202
18
3789
66
105
83
286
79
194
4174
54
848
106
133
171
12
12
30
15
45
47
2791
4270
71
3841
21
311
5090
284
2728
58
471
34
25833
14692
13600
52
161
2642
245
311
1737
148
67
109
38
99
120
301
23
104
1295
1802
146
79
12515
160
14
53
27
4567
261
6
81
1294
296
34
38
99
67
194
37
3956
630
30
82
40
18263
1275
943
16
104
44
132
4499
1433
114
14
164
25
150
354
12209
1949
93
2351
95
28347
37
87
1449
7661
69003
11
177
32
12
66
255
1218
644
880
231
12
3768
115
112
26
57
95
5
99
522
