14
89
4322
46
361
82
377
53
24
367
3076
9681
19
41691
35
8
396
240
599
11
295
1703
693
17
37
37
276
76
279
198
439
12616
4028
16
51
505
6
1282
305
414
6
11345
55
123
60
34
594
1199
17
27804
196
3511
106
5682
18
27362
39395
1873
291
6517
1368
27
113
1125
78
35
7933
26
2477
11474
885
18
670
3047
39
2951
2522
532
1862
347
22
105
617
1039
859
76
858
13
127
305
582
19075
31
1531
13
76728
145
2697
1540
213
6495
80
199
248
63
43235
2328
71
193
833
25
51
17
1095
3821
1461
49
235
457
91
362
97
230
19
451
8113
153
5699
38
255
49
134
39
241
962
62
22
30
23494
64
235
15
13531
2736
128
86
58
122
1129
8
2604
250
77
40659
3580
14087
2562
18707
227
13503
118
1930
62025
1917
320
20
43
6
43
17
569
449
20
713
17444
331
47
2625
2012
171
4019
22
50
25
11
2022
23
802
10978
73818
15021
970
59905
230
1077
78
35
748
76
19
1189
799
38
50
80
91
1585
209
1638
5784
4501
35
399
3768
4519
138
28351
665
16
62
70
1341
1586
34
133
76
54
436
25
23365
50
31
898
7535
17
107
43
152
284
7407
2551
7799
242
14
41
2559
878
308
117
13
31
712
22
2492
17430
79
139
11307
5667
36
3405
900
31746
30
67
50
63
19
105
10432
155
5
84
171
9333
6401
39478
43
53
201
827
3720
2277
109
58
4827
31
9924
12
1370
2594
10
436
47
102
481
101
591
20
5930
57449
470
30
2167
3499
157
5
127
73250
10
92
2633
82
18
683
397
628
14
137
3163
2537
148
49
5542
44
845
1300
386
78
153
147
1795
109
479
23
251
818
73
1904
8752
152
47
1012
27
37
84
85
171
10145
24
95
116
318
1503
28
647
28
121
516
73
118
6
60
50
30630
1778
185
143
4359
1497
125
13125
57
34
162
2500
439
18007
328
134
56
10991
621
1577
5057
211
62843
41
27
588
296
140
75
428
17
12
393
156
712
44
69
300
2122
734
142
7
541
61
15139
6
848
987
7
1132
3008
52
573
122
28
67
60
344
14612
57479
970
54
174
13
41
187
20
246
182
443
10172
12375
77
141
63
67508
67
475
10817
65
47
174
185
1156
424
57
2114
27
64
292
270
666
15
749
26
69
26743
258
67
40
65
72
4936
473
18084
92
346
1657
152
5598
3342
270
2400
20
41
2667
21
84
8006
24
65
1392
45
1956
52
111
239
32
313
1025
180
365
61898
176
88
122
814
451
1447
887
453
274
170
42
77
34
58
920
11
159
14
127
19
30
116
98
4821
102
528
32
60
7921
141
7
528
186
70
437
72
12
2356
13222
207
175
76
3283
114
22
45
4665
4800
364
291
145
311
341
650
56
780
22684
548
1973
56
252
44
135
73986
359
29912
54
2767
47
35
26
58
207
1915
107
37250
1637
172
733
1012
4370
86
108
42843
444
1289
2807
55
48
40
8413
392
57
959
1710
70
69
416
1024
1096
79
29
62
219
15
271
27
135
254
87
624
308
152
106
138
79
28
1103
1735
18888
93
528
432
592
80
113
13042
180
582
4892
14
102
165
43
25587
15
85
3779
7555
645
386
99
1407
12
8
163
82
661
840
269
356
377
65
12
21
2419
334
12
31
38
40
13
2073
10
111
14
1407
755
112
168
277
5
35
57549
85
26
261
138
39
20
602
16119
396
256
1091
20105
116
16
53267
15866
220
189
18811
33
50976
38
58
20009
1146
344
172
55
42
64
16
1761
1010
57
221
55867
766
188
243
670
1870
9443
6
176
182
9
23
616
29
353
3646
13
117
18
473
49
36
5229
3697
23
1106
122
12
484
67
20
21
35
12
670
32
28
185
57
118
7224
229
32
89
1895
1098
5
428
13
104
589
319
937
459
6
211
4457
371
5857
13
242
48
4445
16
12
374
1595
2572
146
454
651
375
231
164
22508
22
72
1698
756
34
13
65
11
29
110
137
3512
27
3758
77
5422
102
49
11723
7
8
43
487
260
221
14
120
913
4050
40
2804
2216
2177
23
28
46
1980
750
427
31
15
8
1548
249
12889
242
900
9206
197
456
523
58
46
31
1610
71
595
675
4908
1659
10337
7
158
31
48
89
104
1471
1090
384
390
24
31
4087
16
235
43
106
662
329
49
38
2267
28
14452
552
156
2799
44
3197
222
12
62
85
1545
293
129
709
140
248
837
9
608
65
144
14529
6
60
22
1226
60
38
989
201
254
44
482
11
24
93
621
4127
15413
372
336
27
112
169
12
176
25
371
17
853
4
23
137
208
5428
40
13
9
10178
2987
210
11288
164
40
1794
4116
2131
126
63
1913
1153
250
16
45
2963
182
74
94
12
233
14
34
33
14901
290
112
198
29
30
268
6
13
58399
392
3742
88
1434
62
17
1132
1777
25
182
5
3396
12397
34
2563
4005
2004
73
351
5
140
226
16143
21
7140
1642
29
1201
19857
10481
109
36
496
1650
353
88
6
20759
114
55
2780
27
155
323
123
25
1709
10
40
167
5536
673
49008
1979
2098
6
44337
28
87
527
29
4
1012
44
9901
7
7
30433
5768
2417
52325
10257
5482
1629
128
2608
227
1025
111
434
374
1903
3800
56
148
70766
7
765
328
1800
140
608
126
1152
489
197
59
93
34
48
106
9145
53
11
17
127
23627
12
249
67
67
12
108
456
64756
8
133
155
60
56948
534
70
2336
10730
32
106
3913
2561
137
4055
10
82
9291
273
402
49
946
12
211
65
106
11889
15
3256
5108
4103
9780
210
11886
424
291
2728
17396
697
514
1740
469
120
3754
431
7607
26
30
70
37
310
8
211
206
239
475
59
1111
267
121
3624
1261
18
22
144
780
159
37010
2034
12
33
150
175
34
293
2873
347
2045
118
71
9384
2002
1879
56
77
35
290
1101
39
1803
686
9146
2257
65
57
1568
15557
30
21
320
426
244
128
174
24
1681
1644
43840
62
92
7
43
39
946
8577
166
156
1132
79
177
5
341
64
1183
12
11195
47
64
87
46
1992
494
2401
1261
8779
261
20315
6471
283
79
305
2127
264
304
39009
14
10
424
172
107
145
21
2026
34174
207
830
42
3754
4
25085
54028
15
286
21
183
418
75
12
505
388
57
1206
936
299
7
408
19
11113
244
29158
110
65
151
770
1007
280
221
856
4460
24975
919
111
4113
57
9375
60
63150
749
3969
3456
8
1012
6548
28201
28
160
23
91
124
30
30
18
188
5985
29
218
1115
50
24
29
7535
11
72
2819
57
830
3165
158
214
84
29673
104
17
3796
890
48
2589
6807
251
697
110
47
2742
711
1140
1640
105
159
13
422
39
76049
424
2563
67
135
12
14
6300
2233
154
2711
147
483
428
503
129
1220
325
146
910
132
1855
13
1121
46
1842
5490
3801
2642
6987
60
1147
22
21297
2848
4960
32538
307
13
10826
187
99
622
34
25
2301
31
1594
18
926
54
58
369
285
360
13
223
150
1721
262
3684
5
136
23
20
3553
43
82
57
9
46
626
187
6965
117
65
19423
1355
267
321
7712
174
23490
168
27
279
6063
230
322
200
15
755
3442
1559
7
9
110
37
1190
356
36884
60
9348
206
92
13
6
60
23767
76
661
22
17086
3019
11
112
64
75
84
6233
2423
3
6941
6543
51
70
711
12
780
153
144
61602
47
6
260
722
15
87
22
539
17287
30
104
713
16
179
1198
1010
195
2285
76126
174
86
14
29803
1299
4836
827
17
11945
82
3729
16
24
4820
645
409
135
376
2708
20232
3205
151
6610
8
372
34
7809
4760
177
206
90
7116
122
141
7129
206
13
24568
39104
1148
1035
17
78474
830
1701
1390
150
45
2332
14
514
301
6246
9365
28
2573
90
1483
49
61
95
219
453
4508
12
66
4380
24
87
72
1436
96
190
299
175
23
203
21
1112
363
37
205
18595
7822
7007
726
14018
28314
49
17
8098
599
306
2898
395
33
122
205
13536
1003
54
1580
1151
3550
12
2520
24
2472
32
38
1687
8312
9270
73
291
391
20
2863
1131
26
332
52
291
598
141
104
242
1575
128
276
9569
70
4022
2884
93
339
95
161
23614
88
1239
2894
34
681
337
48809
77
25
189
1110
8905
180
4626
23727
13
53
65
1676
39
138
922
54
21
2879
6035
225
464
1196
39
51
48
805
384
3235
659
6254
375
182
1584
1096
7955
227
15927
39
85
225
456
1016
9
21
46
21
914
422
61
402
1869
490
654
8
20
43
153
128
33
301
367
29
21410
103
217
63
2697
561
63
86
133
547
89
12
5246
9979
2138
104
