8
21
1597
102334155
9227465
21
1346269
121393
377
75025
267914296
39088169
89
34
102334155
46368
1
144
89
21
2
75025
13
89
233
121393
46368
2584
10946
5702887
55
2
10946
610
144
701408733
10946
3
13
987
2584
14930352
1597
3
2
987
121393
317811
89
17711
144
987
233
2
196418
21
144
24157817
2
832040
75025
2
4181
196418
5
832040
267914296
233
2
1
3
3
3524578
4807526976
24157817
28657
24157817
233
1597
4181
8
3
21
6765
14930352
13
2
21
1346269
10946
144
28657
9227465
10946
832040
102334155
144
39088169
233
832040
89
34
1
514229
8
832040
6765
3524578
987
2584
121393
8
8
6765
165580141
317811
1597
514229
28657
3
9227465
610
6765
21
6765
102334155
55
514229
233
55
121393
2
5702887
4181
8
46368
17711
1134903170
514229
5
89
89
1
377
144
5702887
102334155
89
3
233
21
34
4181
2584
13
1346269
10946
317811
987
55
75025
610
233
610
17711
2178309
55
17711
75025
21
13
17711
13
8
610
13
610
377
317811
317811
10946
34
55
21
610
21
144
144
3
121393
121393
28657
4181
121393
2
377
317811
196418
233
34
17711
2178309
55
24157817
6765
3
89
39088169
3
3
317811
17711
89
10946
10946
1
6765
2
21
610
610
233
144
3524578
89
2
8
5
233
17711
1597
377
987
8
121393
14930352
3
2
196418
2584
1597
165580141
610
3524578
2
21
4807526976
89
3524578
832040
144
377
1
433494437
28657
8
514229
2584
1
1
8
34
13
1597
14930352
55
144
2
233
89
39088169
13
17711
13
5702887
55
4181
13
4181
1
5
55
377
144
514229
1
1597
1597
987
1597
39088169
1
8
5702887
196418
6765
987
2584
317811
3
2584
21
8
377
55
144
10946
233
144
233
701408733
1597
317811
3524578
39088169
10946
17711
5
377
39088169
6765
89
34
3524578
144
21
987
24157817
1836311903
39088169
75025
987
144
21
4181
144
5
3524578
13
8
233
144
5702887
610
8
233
2178309
121393
14930352
75025
317811
39088169
24157817
8
267914296
10946
2584
121393
514229
3524578
5702887
317811
433494437
75025
5702887
377
28657
317811
4181
610
55
4181
34
46368
6765
55
63245986
4181
89
102334155
233
17711
13
4807526976
13
21
196418
1134903170
75025
377
46368
1
144
3
4181
34
9227465
13
233
1
13
34
377
34
610
89
1134903170
267914296
55
5
1836311903
8
5
2971215073
5
2
610
2
75025
28657
987
17711
144
9227465
10946
21
3
196418
2584
987
121393
3524578
24157817
4181
8
377
2
3524578
3
10946
610
34
233
5
63245986
233
610
987
46368
3
102334155
5
17711
144
317811
2
6765
39088169
8
377
8
121393
2178309
377
233
6765
24157817
1597
8
2584
75025
3
5
75025
13
832040
2
4181
8
5702887
3
13
1
89
144
75025
21
34
55
987
987
55
8
