1
2178309
317811
8
2178309
5702887
2
2971215073
1597
144
10946
13
121393
317811
514229
8
1597
8
1597
196418
63245986
89
1
21
2178309
63245986
5702887
39088169
233
3
3
13
514229
21
5
267914296
17711
987
9227465
17711
2584
5
5
34
55
233
2971215073
2
196418
89
34
3
34
2178309
17711
46368
3
832040
121393
21
144
2
144
10946
1
9227465
28657
3
233
196418
144
1
75025
4181
34
1597
3
2178309
21
701408733
3524578
2178309
317811
17711
5
1597
2
377
4181
2178309
144
21
5
8
10946
317811
377
1
1
13
5
6765
196418
89
17711
55
8
8
39088169
165580141
1
21
377
46368
55
34
89
10946
3524578
34
8
21
121393
63245986
89
55
28657
832040
2
233
89
1597
10946
3524578
144
165580141
987
6765
1597
2
5
1
377
21
55
1134903170
14930352
233
21
28657
10946
144
987
89
6765
514229
6765
8
8
55
75025
832040
4181
5
1346269
144
4181
5
1346269
144
832040
196418
39088169
144
196418
4181
9227465
55
46368
4181
89
39088169
2178309
3
102334155
377
377
5
102334155
5
3524578
144
377
55
4181
89
55
21
1
46368
75025
610
75025
4181
377
2
2
121393
34
317811
8
610
21
28657
1
121393
6765
2
2
2178309
196418
3
75025
377
5
1346269
102334155
5
10946
4807526976
28657
6765
55
1
102334155
1346269
1597
89
196418
4181
4181
21
987
4181
14930352
14930352
4181
1
102334155
39088169
987
17711
28657
3
987
233
610
987
2
3524578
9227465
317811
433494437
2584
4181
8
2584
3524578
21
34
4181
1597
89
13
21
8
13
121393
102334155
89
433494437
8
6765
17711
75025
5
17711
610
6765
8
34
55
196418
10946
1134903170
3524578
5
2178309
144
10946
8
433494437
832040
2584
55
1
2
1
13
8
10946
9227465
9227465
987
165580141
1
121393
3
6765
21
514229
987
21
3
610
10946
1836311903
987
377
832040
377
89
377
196418
24157817
28657
1597
28657
987
1
987
121393
1597
267914296
196418
5702887
5
8
75025
987
1597
832040
610
21
6765
1597
317811
46368
4181
55
21
514229
55
377
1597
3
75025
55
4181
233
34
2
377
233
24157817
121393
6765
1134903170
514229
21
377
514229
13
165580141
8
75025
9227465
610
89
610
144
34
165580141
3
34
2
21
21
63245986
6765
75025
1346269
10946
2178309
89
8
377
89
55
21
13
2178309
610
8
317811
28657
233
17711
2584
63245986
